201125 14:42:12  InnoDB: Started; log sequence number 0 43655
201125 14:42:12 [Note] exp_mysql50: ready for connections.
Version: '5.0.90-community-nt'  socket: ''  port: 3306  MySQL Community Edition (GPL)
201125 14:42:50 [Note] exp_mysql50: Normal shutdown

201125 14:42:50  InnoDB: Starting shutdown...
201125 14:42:50  InnoDB: Shutdown completed; log sequence number 0 43655
201125 14:42:50 [Note] exp_mysql50: Shutdown complete

201125 14:43:01  InnoDB: Started; log sequence number 0 43655
201125 14:43:01 [Note] exp_mysql50: ready for connections.
Version: '5.0.90-community-nt'  socket: ''  port: 3306  MySQL Community Edition (GPL)
201125 15:09:14 [Note] exp_mysql50: Normal shutdown

201125 15:09:14  InnoDB: Starting shutdown...
201125 15:09:15  InnoDB: Shutdown completed; log sequence number 0 43655
201125 15:09:15 [Note] exp_mysql50: Shutdown complete

201125 15:12:11  InnoDB: Started; log sequence number 0 43655
201125 15:12:11 [Note] exp_mysql50: ready for connections.
Version: '5.0.90-community-nt'  socket: ''  port: 3306  MySQL Community Edition (GPL)
201125 15:26:53 [Note] exp_mysql50: Normal shutdown

201125 15:26:53  InnoDB: Starting shutdown...
201125 15:26:54  InnoDB: Shutdown completed; log sequence number 0 43655
201125 15:26:54 [Note] exp_mysql50: Shutdown complete

201125 16:01:32  InnoDB: Started; log sequence number 0 43655
201125 16:01:32 [Note] exp_mysql50: ready for connections.
Version: '5.0.90-community-nt'  socket: ''  port: 3306  MySQL Community Edition (GPL)
201125 16:06:24 [Note] exp_mysql50: Normal shutdown

201125 16:06:24  InnoDB: Starting shutdown...
201125 16:06:25  InnoDB: Shutdown completed; log sequence number 0 43655
201125 16:06:25 [Note] exp_mysql50: Shutdown complete

201125 16:07:24  InnoDB: Started; log sequence number 0 43655
201125 16:07:24 [Note] exp_mysql50: ready for connections.
Version: '5.0.90-community-nt'  socket: ''  port: 3306  MySQL Community Edition (GPL)
201125 16:08:02 [Note] exp_mysql50: Normal shutdown

201125 16:08:02  InnoDB: Starting shutdown...
201125 16:08:03  InnoDB: Shutdown completed; log sequence number 0 43655
201125 16:08:03 [Note] exp_mysql50: Shutdown complete

201125 16:08:36  InnoDB: Started; log sequence number 0 43655
201125 16:08:36 [Note] exp_mysql50: ready for connections.
Version: '5.0.90-community-nt'  socket: ''  port: 3306  MySQL Community Edition (GPL)
201125 16:20:16  InnoDB: Started; log sequence number 0 43655
201125 16:20:16 [Note] exp_mysql50: ready for connections.
Version: '5.0.90-community-nt'  socket: ''  port: 3306  MySQL Community Edition (GPL)
