InnoDB: The first specified data file .\ibdata1 did not exist:
InnoDB: a new database to be created!
110601 14:14:59  InnoDB: Setting file .\ibdata1 size to 10 MB
InnoDB: Database physically writes the file full: wait...
110601 14:15:00  InnoDB: Log file .\ib_logfile0 did not exist: new to be created
InnoDB: Setting log file .\ib_logfile0 size to 5 MB
InnoDB: Database physically writes the file full: wait...
110601 14:15:00  InnoDB: Log file .\ib_logfile1 did not exist: new to be created
InnoDB: Setting log file .\ib_logfile1 size to 5 MB
InnoDB: Database physically writes the file full: wait...
InnoDB: Doublewrite buffer not found: creating new
InnoDB: Doublewrite buffer created
InnoDB: Creating foreign key constraint system tables
InnoDB: Foreign key constraint system tables created
110601 14:15:00  InnoDB: Started; log sequence number 0 0
110601 14:15:01 [Note] EXP_mysql: ready for connections.
Version: '5.0.90-community-nt'  socket: ''  port: 3306  MySQL Community Edition (GPL)
110601 14:16:42 [Note] EXP_mysql: Normal shutdown

110601 14:16:42  InnoDB: Starting shutdown...
110601 14:16:42  InnoDB: Shutdown completed; log sequence number 0 43655
110601 14:16:42 [Note] EXP_mysql: Shutdown complete

